<?xml version="1.0" encoding="UTF-8"?>
<testsuite xmlns:xsi="http://www.w3.org/2001/XMLSchema-instance" xsi:noNamespaceSchemaLocation="https://maven.apache.org/surefire/maven-surefire-plugin/xsd/surefire-test-report-3.0.xsd" version="3.0" name="runner.TestRunner" time="121.506" tests="12" errors="0" skipped="0" failures="0">
  <properties>
[...]
</properties>
  <testcase name="Successful green card creation" classname="Green Card Creation" time="15.148">
    <system-out><![CDATA[
@addgreencard
Scenario: Successful green card creation                                                 # src/spec/features/addGreenCard/addGreenCard.feature:11
  Given I enter my email address "agenceamen@yopmail.com" and my password "Amenallah.28" # login.LoginStepDef.je_saisis_mon_adresse_email_et_mon_mot_de_passe(java.lang.String,java.lang.String)
  When I am redirected to the home page                                                  # login.LoginStepDef.je_suis_redirigé_vers_la_page_d_accueil()
  When I have added a green card from the Cards section                                  # addgreencard.AddgcStepDef.j_ai_ajouté_une_carte_verte_depuis_la_section_Cartes()
107
811
  And I enter valid green card information                                               # addgreencard.AddgcStepDef.je_saisis_les_informations_valides_de_la_carte_verte()
  And I click the Save button                                                            # addgreencard.AddgcStepDef.clique_sur_le_bouton_sauvegarder()
  Then The green card is created successfully                                            # addgreencard.AddgcStepDef.la_carte_verte_est_créée_avec_succée()
]]></system-out>
    <system-err><![CDATA[SLF4J: No SLF4J providers were found.
SLF4J: Defaulting to no-operation (NOP) logger implementation
SLF4J: See https://www.slf4j.org/codes.html#noProviders for further details.
ERROR StatusLogger Log4j2 could not find a logging implementation. Please add log4j-core to the classpath. Using SimpleLogger to log to the console...
Starting ChromeDriver 136.0.7103.92 (cb81a4cc5087a8303a6c8827ee2b80b71d26e334-refs/branch-heads/7103@{#1840}) on port 25561
Only local connections are allowed.
Please see https://chromedriver.chromium.org/security-considerations for suggestions on keeping ChromeDriver safe.
ChromeDriver was started successfully on port 25561.
mai 12, 2025 3:33:00 PM org.openqa.selenium.devtools.CdpVersionFinder findNearestMatch
WARNING: Unable to find CDP implementation matching 136
mai 12, 2025 3:33:00 PM org.openqa.selenium.chromium.ChromiumDriver lambda$new$3
WARNING: Unable to find version of CDP to use for . You may need to include a dependency on a specific version of the CDP using something similar to `org.seleniumhq.selenium:selenium-devtools-v86:4.8.3` where the version ("v86") matches the version of the chromium-based browser you're using and the version number of the artifact is the same as Selenium's.
]]></system-err>
  </testcase>
  <testcase name="Green card creation with empty data" classname="Green Card Creation" time="7.279">
    <system-out><![CDATA[
@addgreencard
Scenario: Green card creation with empty data                                            # src/spec/features/addGreenCard/addGreenCard.feature:17
  Given I enter my email address "agenceamen@yopmail.com" and my password "Amenallah.28" # login.LoginStepDef.je_saisis_mon_adresse_email_et_mon_mot_de_passe(java.lang.String,java.lang.String)
  When I am redirected to the home page                                                  # login.LoginStepDef.je_suis_redirigé_vers_la_page_d_accueil()
  When I have added a green card from the Cards section                                  # addgreencard.AddgcStepDef.j_ai_ajouté_une_carte_verte_depuis_la_section_Cartes()
  Then I verify that the Save button is disabled                                         # addgreencard.AddgcStepDef.je_vérifie_que_le_bouton_Sauvegarder_est_désactivé()
]]></system-out>
    <system-err><![CDATA[Starting ChromeDriver 136.0.7103.92 (cb81a4cc5087a8303a6c8827ee2b80b71d26e334-refs/branch-heads/7103@{#1840}) on port 44626
Only local connections are allowed.
Please see https://chromedriver.chromium.org/security-considerations for suggestions on keeping ChromeDriver safe.
ChromeDriver was started successfully on port 44626.
mai 12, 2025 3:33:14 PM org.openqa.selenium.devtools.CdpVersionFinder findNearestMatch
WARNING: Unable to find CDP implementation matching 136
mai 12, 2025 3:33:14 PM org.openqa.selenium.chromium.ChromiumDriver lambda$new$3
WARNING: Unable to find version of CDP to use for . You may need to include a dependency on a specific version of the CDP using something similar to `org.seleniumhq.selenium:selenium-devtools-v86:4.8.3` where the version ("v86") matches the version of the chromium-based browser you're using and the version number of the artifact is the same as Selenium's.
]]></system-err>
  </testcase>
  <testcase name="Successful order creation" classname="Feature: Green Card Order Creation" time="33.765">
    <system-out><![CDATA[
@commande
Scenario: Successful order creation                                                           # src/spec/features/commande/commande.feature:11
  Given I enter my email address "amenallah.assurance@yopmail.com" and my password "Test123*" # login.LoginStepDef.je_saisis_mon_adresse_email_et_mon_mot_de_passe(java.lang.String,java.lang.String)
  When I am redirected to the home page                                                       # login.LoginStepDef.je_suis_redirigé_vers_la_page_d_accueil()
  When I have added an order from the Orders section                                          # commande.CommandeStepDef.j_ai_ajouté_une_commande_depuis_la_section_commandes()
  And I have filled in the required fields to create an order                                 # commande.CommandeStepDef.j_ai_remplit_les_champs_nécessaires_pour_créer_une_commande()
  And I clicked the Save button                                                               # commande.CommandeStepDef.j_ai_cliqué_sur_le_bouton_sauvegarder()
Title matched!
  And I submitted the green card order                                                        # commande.CommandeStepDef.j_ai_envoyé_la_commande_de_cartes_vertes()
Download initiated
  And I downloaded the purchase order                                                         # commande.CommandeStepDef.j_ai_téléchargé_le_bon_de_commande()
  And I clicked the Pay button                                                                # commande.CommandeStepDef.j_ai_cliqué_sur_le_bouton_payer()
  And I filled in the payment information for the order                                       # commande.CommandeStepDef.j_ai_rempli_les_informations_de_paiement_de_la_commande()
  And I clicked the Confirm button                                                            # commande.CommandeStepDef.j_ai_cliqué_sur_le_bouton_Confirmer()
  Then The order is successfully paid                                                         # commande.CommandeStepDef.la_commande_est_payée_avec_succès()
  When I click on the user menu                                                               # logout.LogoutStepDef.je_clique_sur_le_menu_utilisateur()
  And I select the Logout option                                                              # logout.LogoutStepDef.And_je_sélectionne_l_option_Se_déconnecter()
  Then I am redirected to the login page                                                      # logout.LogoutStepDef.Then_je_est_redirigé_vers_la_page_de_connexion()
]]></system-out>
    <system-err><![CDATA[Starting ChromeDriver 136.0.7103.92 (cb81a4cc5087a8303a6c8827ee2b80b71d26e334-refs/branch-heads/7103@{#1840}) on port 10659
Only local connections are allowed.
Please see https://chromedriver.chromium.org/security-considerations for suggestions on keeping ChromeDriver safe.
ChromeDriver was started successfully on port 10659.
mai 12, 2025 3:33:21 PM org.openqa.selenium.devtools.CdpVersionFinder findNearestMatch
WARNING: Unable to find CDP implementation matching 136
mai 12, 2025 3:33:21 PM org.openqa.selenium.chromium.ChromiumDriver lambda$new$3
WARNING: Unable to find version of CDP to use for . You may need to include a dependency on a specific version of the CDP using something similar to `org.seleniumhq.selenium:selenium-devtools-v86:4.8.3` where the version ("v86") matches the version of the chromium-based browser you're using and the version number of the artifact is the same as Selenium's.
]]></system-err>
  </testcase>
  <testcase name="Login with valid credentials - Assurance" classname="Login to my account as a user" time="6.052">
    <system-out><![CDATA[
@allLogin @loginAssurance
Scenario: Login with valid credentials - Assurance                                            # src/spec/features/login/login.feature:6
  Given I enter my email address "amenallah.assurance@yopmail.com" and my password "Test123*" # login.LoginStepDef.je_saisis_mon_adresse_email_et_mon_mot_de_passe(java.lang.String,java.lang.String)
  When I am redirected to the home page                                                       # login.LoginStepDef.je_suis_redirigé_vers_la_page_d_accueil()
]]></system-out>
    <system-err><![CDATA[Starting ChromeDriver 136.0.7103.92 (cb81a4cc5087a8303a6c8827ee2b80b71d26e334-refs/branch-heads/7103@{#1840}) on port 43468
Only local connections are allowed.
Please see https://chromedriver.chromium.org/security-considerations for suggestions on keeping ChromeDriver safe.
ChromeDriver was started successfully on port 43468.
mai 12, 2025 3:33:55 PM org.openqa.selenium.devtools.CdpVersionFinder findNearestMatch
WARNING: Unable to find CDP implementation matching 136
mai 12, 2025 3:33:55 PM org.openqa.selenium.chromium.ChromiumDriver lambda$new$3
WARNING: Unable to find version of CDP to use for . You may need to include a dependency on a specific version of the CDP using something similar to `org.seleniumhq.selenium:selenium-devtools-v86:4.8.3` where the version ("v86") matches the version of the chromium-based browser you're using and the version number of the artifact is the same as Selenium's.
]]></system-err>
  </testcase>
  <testcase name="Login with valid credentials - AdminBuat" classname="Login to my account as a user" time="6.086">
    <system-out><![CDATA[
@allLogin @loginBuat
Scenario: Login with valid credentials - AdminBuat                                        # src/spec/features/login/login.feature:11
  Given I enter my email address "ahmed.buat@yopmail.com" and my password "Conan.conan77" # login.LoginStepDef.je_saisis_mon_adresse_email_et_mon_mot_de_passe(java.lang.String,java.lang.String)
  When I am redirected to the home page                                                   # login.LoginStepDef.je_suis_redirigé_vers_la_page_d_accueil()
]]></system-out>
    <system-err><![CDATA[Starting ChromeDriver 136.0.7103.92 (cb81a4cc5087a8303a6c8827ee2b80b71d26e334-refs/branch-heads/7103@{#1840}) on port 33167
Only local connections are allowed.
Please see https://chromedriver.chromium.org/security-considerations for suggestions on keeping ChromeDriver safe.
ChromeDriver was started successfully on port 33167.
mai 12, 2025 3:34:01 PM org.openqa.selenium.devtools.CdpVersionFinder findNearestMatch
WARNING: Unable to find CDP implementation matching 136
mai 12, 2025 3:34:01 PM org.openqa.selenium.chromium.ChromiumDriver lambda$new$3
WARNING: Unable to find version of CDP to use for . You may need to include a dependency on a specific version of the CDP using something similar to `org.seleniumhq.selenium:selenium-devtools-v86:4.8.3` where the version ("v86") matches the version of the chromium-based browser you're using and the version number of the artifact is the same as Selenium's.
]]></system-err>
  </testcase>
  <testcase name="Login with valid credentials - Agency" classname="Login to my account as a user" time="5.343">
    <system-out><![CDATA[
@allLogin @loginAgency
Scenario: Login with valid credentials - Agency                                          # src/spec/features/login/login.feature:16
  Given I enter my email address "agenceamen@yopmail.com" and my password "Amenallah.28" # login.LoginStepDef.je_saisis_mon_adresse_email_et_mon_mot_de_passe(java.lang.String,java.lang.String)
  When I am redirected to the home page                                                  # login.LoginStepDef.je_suis_redirigé_vers_la_page_d_accueil()
]]></system-out>
    <system-err><![CDATA[Starting ChromeDriver 136.0.7103.92 (cb81a4cc5087a8303a6c8827ee2b80b71d26e334-refs/branch-heads/7103@{#1840}) on port 16544
Only local connections are allowed.
Please see https://chromedriver.chromium.org/security-considerations for suggestions on keeping ChromeDriver safe.
ChromeDriver was started successfully on port 16544.
mai 12, 2025 3:34:07 PM org.openqa.selenium.devtools.CdpVersionFinder findNearestMatch
WARNING: Unable to find CDP implementation matching 136
mai 12, 2025 3:34:07 PM org.openqa.selenium.chromium.ChromiumDriver lambda$new$3
WARNING: Unable to find version of CDP to use for . You may need to include a dependency on a specific version of the CDP using something similar to `org.seleniumhq.selenium:selenium-devtools-v86:4.8.3` where the version ("v86") matches the version of the chromium-based browser you're using and the version number of the artifact is the same as Selenium's.
]]></system-err>
  </testcase>
  <testcase name=" #1" classname="Login to my account as a user" time="5.196">
    <system-out><![CDATA[
@allLogin @loginWithInvalid
Scenario Outline:                                  # src/spec/features/login/login.feature:26
  Given I enter my "" and "Test123*" invalid       # login.LoginStepDef.je_saisis_et_incorrecte(java.lang.String,java.lang.String)
  When I see a "Paramètres de connexion erronés !" # login.LoginStepDef.je_vois(java.lang.String)
]]></system-out>
    <system-err><![CDATA[Starting ChromeDriver 136.0.7103.92 (cb81a4cc5087a8303a6c8827ee2b80b71d26e334-refs/branch-heads/7103@{#1840}) on port 9158
Only local connections are allowed.
Please see https://chromedriver.chromium.org/security-considerations for suggestions on keeping ChromeDriver safe.
ChromeDriver was started successfully on port 9158.
mai 12, 2025 3:34:12 PM org.openqa.selenium.devtools.CdpVersionFinder findNearestMatch
WARNING: Unable to find CDP implementation matching 136
mai 12, 2025 3:34:12 PM org.openqa.selenium.chromium.ChromiumDriver lambda$new$3
WARNING: Unable to find version of CDP to use for . You may need to include a dependency on a specific version of the CDP using something similar to `org.seleniumhq.selenium:selenium-devtools-v86:4.8.3` where the version ("v86") matches the version of the chromium-based browser you're using and the version number of the artifact is the same as Selenium's.
]]></system-err>
  </testcase>
  <testcase name=" #2" classname="Login to my account as a user" time="4.952">
    <system-out><![CDATA[
@allLogin @loginWithInvalid
Scenario Outline:                                  # src/spec/features/login/login.feature:27
  Given I enter my "amen@gmail.com" and "" invalid # login.LoginStepDef.je_saisis_et_incorrecte(java.lang.String,java.lang.String)
  When I see a "Paramètres de connexion erronés !" # login.LoginStepDef.je_vois(java.lang.String)
]]></system-out>
    <system-err><![CDATA[Starting ChromeDriver 136.0.7103.92 (cb81a4cc5087a8303a6c8827ee2b80b71d26e334-refs/branch-heads/7103@{#1840}) on port 27916
Only local connections are allowed.
Please see https://chromedriver.chromium.org/security-considerations for suggestions on keeping ChromeDriver safe.
ChromeDriver was started successfully on port 27916.
mai 12, 2025 3:34:17 PM org.openqa.selenium.devtools.CdpVersionFinder findNearestMatch
WARNING: Unable to find CDP implementation matching 136
mai 12, 2025 3:34:17 PM org.openqa.selenium.chromium.ChromiumDriver lambda$new$3
WARNING: Unable to find version of CDP to use for . You may need to include a dependency on a specific version of the CDP using something similar to `org.seleniumhq.selenium:selenium-devtools-v86:4.8.3` where the version ("v86") matches the version of the chromium-based browser you're using and the version number of the artifact is the same as Selenium's.
]]></system-err>
  </testcase>
  <testcase name=" #3" classname="Login to my account as a user" time="4.59">
    <system-out><![CDATA[
@allLogin @loginWithInvalid
Scenario Outline:                                    # src/spec/features/login/login.feature:28
  Given I enter my "user.com" and "Test123*" invalid # login.LoginStepDef.je_saisis_et_incorrecte(java.lang.String,java.lang.String)
  When I see a "Paramètres de connexion erronés !"   # login.LoginStepDef.je_vois(java.lang.String)
]]></system-out>
    <system-err><![CDATA[Starting ChromeDriver 136.0.7103.92 (cb81a4cc5087a8303a6c8827ee2b80b71d26e334-refs/branch-heads/7103@{#1840}) on port 15904
Only local connections are allowed.
Please see https://chromedriver.chromium.org/security-considerations for suggestions on keeping ChromeDriver safe.
ChromeDriver was started successfully on port 15904.
mai 12, 2025 3:34:22 PM org.openqa.selenium.devtools.CdpVersionFinder findNearestMatch
WARNING: Unable to find CDP implementation matching 136
mai 12, 2025 3:34:22 PM org.openqa.selenium.chromium.ChromiumDriver lambda$new$3
WARNING: Unable to find version of CDP to use for . You may need to include a dependency on a specific version of the CDP using something similar to `org.seleniumhq.selenium:selenium-devtools-v86:4.8.3` where the version ("v86") matches the version of the chromium-based browser you're using and the version number of the artifact is the same as Selenium's.
]]></system-err>
  </testcase>
  <testcase name=" #4" classname="Login to my account as a user" time="4.881">
    <system-out><![CDATA[
@allLogin @loginWithInvalid
Scenario Outline:                                     # src/spec/features/login/login.feature:29
  Given I enter my "user@gmail.com" and "123" invalid # login.LoginStepDef.je_saisis_et_incorrecte(java.lang.String,java.lang.String)
  When I see a "Paramètres de connexion erronés !"    # login.LoginStepDef.je_vois(java.lang.String)
]]></system-out>
    <system-err><![CDATA[Starting ChromeDriver 136.0.7103.92 (cb81a4cc5087a8303a6c8827ee2b80b71d26e334-refs/branch-heads/7103@{#1840}) on port 11640
Only local connections are allowed.
Please see https://chromedriver.chromium.org/security-considerations for suggestions on keeping ChromeDriver safe.
ChromeDriver was started successfully on port 11640.
mai 12, 2025 3:34:27 PM org.openqa.selenium.devtools.CdpVersionFinder findNearestMatch
WARNING: Unable to find CDP implementation matching 136
mai 12, 2025 3:34:27 PM org.openqa.selenium.chromium.ChromiumDriver lambda$new$3
WARNING: Unable to find version of CDP to use for . You may need to include a dependency on a specific version of the CDP using something similar to `org.seleniumhq.selenium:selenium-devtools-v86:4.8.3` where the version ("v86") matches the version of the chromium-based browser you're using and the version number of the artifact is the same as Selenium's.
]]></system-err>
  </testcase>
  <testcase name="" classname="Faire la déconnexion" time="6.49">
    <system-out><![CDATA[
@logout @tagLogout
Scenario:                                                                                     # src/spec/features/logout/logout.feature:10
  Given I enter my email address "amenallah.assurance@yopmail.com" and my password "Test123*" # login.LoginStepDef.je_saisis_mon_adresse_email_et_mon_mot_de_passe(java.lang.String,java.lang.String)
  When I am redirected to the home page                                                       # login.LoginStepDef.je_suis_redirigé_vers_la_page_d_accueil()
  When I click on the user menu                                                               # logout.LogoutStepDef.je_clique_sur_le_menu_utilisateur()
  And I select the Logout option                                                              # logout.LogoutStepDef.And_je_sélectionne_l_option_Se_déconnecter()
  Then I am redirected to the login page                                                      # logout.LogoutStepDef.Then_je_est_redirigé_vers_la_page_de_connexion()
]]></system-out>
    <system-err><![CDATA[Starting ChromeDriver 136.0.7103.92 (cb81a4cc5087a8303a6c8827ee2b80b71d26e334-refs/branch-heads/7103@{#1840}) on port 38938
Only local connections are allowed.
Please see https://chromedriver.chromium.org/security-considerations for suggestions on keeping ChromeDriver safe.
ChromeDriver was started successfully on port 38938.
mai 12, 2025 3:34:32 PM org.openqa.selenium.devtools.CdpVersionFinder findNearestMatch
WARNING: Unable to find CDP implementation matching 136
mai 12, 2025 3:34:32 PM org.openqa.selenium.chromium.ChromiumDriver lambda$new$3
WARNING: Unable to find version of CDP to use for . You may need to include a dependency on a specific version of the CDP using something similar to `org.seleniumhq.selenium:selenium-devtools-v86:4.8.3` where the version ("v86") matches the version of the chromium-based browser you're using and the version number of the artifact is the same as Selenium's.
]]></system-err>
  </testcase>
  <testcase name="Valider une commande" classname="Order Management #3" time="12.583">
    <system-out><![CDATA[
@validate
Scenario: Valider une commande                                                            # src/spec/features/valider/valider.feature:12
  Given I enter my email address "ahmed.buat@yopmail.com" and my password "Conan.conan77" # login.LoginStepDef.je_saisis_mon_adresse_email_et_mon_mot_de_passe(java.lang.String,java.lang.String)
  When I am redirected to the home page                                                   # login.LoginStepDef.je_suis_redirigé_vers_la_page_d_accueil()
  When I open the list of available orders                                                # commandeValider.CommandeValiderStepDef.j_ouvre_la_liste_des_commandes_disponibles()
Found 'Payée'. Clicking link with UUID: https://test.buat.avidea.tn/#/orders/details?uuid=dcf6305c-d0bd-4bd8-9f7b-ab7ccff223e8
  And I select an order to process                                                        # commandeValider.CommandeValiderStepDef.je_sélectionne_une_commande_à_traiter()
Title matched!
  And I click on validate                                                                 # commandeValider.CommandeValiderStepDef.je_clique_sur_valider()
  Then A confirmation message is displayed                                                # commandeValider.CommandeValiderStepDef.un_message_de_confirmation_s_affiche()
]]></system-out>
    <system-err><![CDATA[Starting ChromeDriver 136.0.7103.92 (cb81a4cc5087a8303a6c8827ee2b80b71d26e334-refs/branch-heads/7103@{#1840}) on port 30628
Only local connections are allowed.
Please see https://chromedriver.chromium.org/security-considerations for suggestions on keeping ChromeDriver safe.
ChromeDriver was started successfully on port 30628.
mai 12, 2025 3:34:38 PM org.openqa.selenium.devtools.CdpVersionFinder findNearestMatch
WARNING: Unable to find CDP implementation matching 136
mai 12, 2025 3:34:38 PM org.openqa.selenium.chromium.ChromiumDriver lambda$new$3
WARNING: Unable to find version of CDP to use for . You may need to include a dependency on a specific version of the CDP using something similar to `org.seleniumhq.selenium:selenium-devtools-v86:4.8.3` where the version ("v86") matches the version of the chromium-based browser you're using and the version number of the artifact is the same as Selenium's.
]]></system-err>
  </testcase>
</testsuite>