<?xml version="1.0" encoding="UTF-8"?>
<testsuite xmlns:xsi="http://www.w3.org/2001/XMLSchema-instance" xsi:noNamespaceSchemaLocation="https://maven.apache.org/surefire/maven-surefire-plugin/xsd/surefire-test-report-3.0.xsd" version="3.0" name="runner.TestRunner" time="45.82" tests="1" errors="1" skipped="0" failures="0">
  <properties>
[...]
</properties>
  <testcase name="Successful order creation" classname="Feature: Green Card Order Creation" time="32.062">
    <error message="Expected condition failed: waiting for url to contain &quot;/dashboard&quot;. Current url: &quot;https://test.buat.avidea.tn/#/login&quot; (tried for 10 second(s) with 500 milliseconds interval)&#10;Build info: version: &apos;4.8.3&apos;, revision: &apos;e5e76298c3&apos;&#10;System info: os.name: &apos;Windows 11&apos;, os.arch: &apos;amd64&apos;, os.version: &apos;10.0&apos;, java.version: &apos;21.0.6&apos;&#10;Driver info: org.openqa.selenium.chrome.ChromeDriver&#10;Capabilities {acceptInsecureCerts: false, browserName: chrome, browserVersion: 136.0.7103.93, chrome: {chromedriverVersion: 136.0.7103.92 (cb81a4cc5087..., userDataDir: C:\Users\MAISON~1\AppData\L...}, fedcm:accounts: true, goog:chromeOptions: {debuggerAddress: localhost:58195}, networkConnectionEnabled: false, pageLoadStrategy: normal, platformName: WINDOWS, proxy: Proxy(), se:cdp: ws://localhost:58195/devtoo..., se:cdpVersion: 136.0.7103.93, setWindowRect: true, strictFileInteractability: false, timeouts: {implicit: 0, pageLoad: 300000, script: 30000}, unhandledPromptBehavior: dismiss and notify, webauthn:extension:credBlob: true, webauthn:extension:largeBlob: true, webauthn:extension:minPinLength: true, webauthn:extension:prf: true, webauthn:virtualAuthenticators: true}&#10;Session ID: 9b4470e532a5be390498149c43f3f3c8" type="org.openqa.selenium.TimeoutException"><![CDATA[org.openqa.selenium.TimeoutException: 
Expected condition failed: waiting for url to contain "/dashboard". Current url: "https://test.buat.avidea.tn/#/login" (tried for 10 second(s) with 500 milliseconds interval)
Build info: version: '4.8.3', revision: 'e5e76298c3'
System info: os.name: 'Windows 11', os.arch: 'amd64', os.version: '10.0', java.version: '21.0.6'
Driver info: org.openqa.selenium.chrome.ChromeDriver
Capabilities {acceptInsecureCerts: false, browserName: chrome, browserVersion: 136.0.7103.93, chrome: {chromedriverVersion: 136.0.7103.92 (cb81a4cc5087..., userDataDir: C:\Users\MAISON~1\AppData\L...}, fedcm:accounts: true, goog:chromeOptions: {debuggerAddress: localhost:58195}, networkConnectionEnabled: false, pageLoadStrategy: normal, platformName: WINDOWS, proxy: Proxy(), se:cdp: ws://localhost:58195/devtoo..., se:cdpVersion: 136.0.7103.93, setWindowRect: true, strictFileInteractability: false, timeouts: {implicit: 0, pageLoad: 300000, script: 30000}, unhandledPromptBehavior: dismiss and notify, webauthn:extension:credBlob: true, webauthn:extension:largeBlob: true, webauthn:extension:minPinLength: true, webauthn:extension:prf: true, webauthn:virtualAuthenticators: true}
Session ID: 9b4470e532a5be390498149c43f3f3c8
	at org.openqa.selenium.support.ui.WebDriverWait.timeoutException(WebDriverWait.java:87)
	at org.openqa.selenium.support.ui.FluentWait.until(FluentWait.java:231)
	at login.LoginPageObject.verify_login_succed(LoginPageObject.java:54)
	at login.LoginStepDef.je_suis_redirigé_vers_la_page_d_accueil(LoginStepDef.java:37)
	at ✽.I am redirected to the home page(file:///C:/eclipse/ws/avidea/src/spec/features/commande/commande.feature:9)
]]></error>
    <system-out><![CDATA[
@commande
Scenario: Successful order creation                                                           # src/spec/features/commande/commande.feature:11
  Given I enter my email address "amenallah.assurance@yopmail.com" and my password "Test123*" # login.LoginStepDef.je_saisis_mon_adresse_email_et_mon_mot_de_passe(java.lang.String,java.lang.String)
  And I am redirected to the home page                                                        # login.LoginStepDef.je_suis_redirigé_vers_la_page_d_accueil()
      org.openqa.selenium.TimeoutException: Expected condition failed: waiting for url to contain "/dashboard". Current url: "https://test.buat.avidea.tn/#/login" (tried for 10 second(s) with 500 milliseconds interval)
Build info: version: '4.8.3', revision: 'e5e76298c3'
System info: os.name: 'Windows 11', os.arch: 'amd64', os.version: '10.0', java.version: '21.0.6'
Driver info: org.openqa.selenium.chrome.ChromeDriver
Capabilities {acceptInsecureCerts: false, browserName: chrome, browserVersion: 136.0.7103.93, chrome: {chromedriverVersion: 136.0.7103.92 (cb81a4cc5087..., userDataDir: C:\Users\MAISON~1\AppData\L...}, fedcm:accounts: true, goog:chromeOptions: {debuggerAddress: localhost:58195}, networkConnectionEnabled: false, pageLoadStrategy: normal, platformName: WINDOWS, proxy: Proxy(), se:cdp: ws://localhost:58195/devtoo..., se:cdpVersion: 136.0.7103.93, setWindowRect: true, strictFileInteractability: false, timeouts: {implicit: 0, pageLoad: 300000, script: 30000}, unhandledPromptBehavior: dismiss and notify, webauthn:extension:credBlob: true, webauthn:extension:largeBlob: true, webauthn:extension:minPinLength: true, webauthn:extension:prf: true, webauthn:virtualAuthenticators: true}
Session ID: 9b4470e532a5be390498149c43f3f3c8
	at org.openqa.selenium.support.ui.WebDriverWait.timeoutException(WebDriverWait.java:87)
	at org.openqa.selenium.support.ui.FluentWait.until(FluentWait.java:231)
	at login.LoginPageObject.verify_login_succed(LoginPageObject.java:54)
	at login.LoginStepDef.je_suis_redirigé_vers_la_page_d_accueil(LoginStepDef.java:37)
	at ✽.I am redirected to the home page(file:///C:/eclipse/ws/avidea/src/spec/features/commande/commande.feature:9)

  When I have added an order from the Orders section                                          # commande.CommandeStepDef.j_ai_ajouté_une_commande_depuis_la_section_commandes()
  And I have filled in the required fields to create an order                                 # commande.CommandeStepDef.j_ai_remplit_les_champs_nécessaires_pour_créer_une_commande()
  And I clicked the Save button                                                               # commande.CommandeStepDef.j_ai_cliqué_sur_le_bouton_sauvegarder()
  And I submitted the green card order                                                        # commande.CommandeStepDef.j_ai_envoyé_la_commande_de_cartes_vertes()
  And I downloaded the purchase order                                                         # commande.CommandeStepDef.j_ai_téléchargé_le_bon_de_commande()
  And I clicked the Pay button                                                                # commande.CommandeStepDef.j_ai_cliqué_sur_le_bouton_payer()
  And I filled in the payment information for the order                                       # commande.CommandeStepDef.j_ai_rempli_les_informations_de_paiement_de_la_commande()
  And I clicked the Confirm button                                                            # commande.CommandeStepDef.j_ai_cliqué_sur_le_bouton_Confirmer()
  Then The order is successfully paid                                                         # commande.CommandeStepDef.la_commande_est_payée_avec_succès()
  When I click on the user menu                                                               # logout.LogoutStepDef.je_clique_sur_le_menu_utilisateur()
  And I select the Logout option                                                              # logout.LogoutStepDef.And_je_sélectionne_l_option_Se_déconnecter()
  Then I am redirected to the login page                                                      # logout.LogoutStepDef.Then_je_est_redirigé_vers_la_page_de_connexion()

    Embedding Successful order creation [image/png 23663 bytes]

]]></system-out>
    <system-err><![CDATA[SLF4J: No SLF4J providers were found.
SLF4J: Defaulting to no-operation (NOP) logger implementation
SLF4J: See https://www.slf4j.org/codes.html#noProviders for further details.
ERROR StatusLogger Log4j2 could not find a logging implementation. Please add log4j-core to the classpath. Using SimpleLogger to log to the console...
Starting ChromeDriver 136.0.7103.92 (cb81a4cc5087a8303a6c8827ee2b80b71d26e334-refs/branch-heads/7103@{#1840}) on port 44870
Only local connections are allowed.
Please see https://chromedriver.chromium.org/security-considerations for suggestions on keeping ChromeDriver safe.
ChromeDriver was started successfully on port 44870.
mai 14, 2025 2:56:16 PM org.openqa.selenium.devtools.CdpVersionFinder findNearestMatch
WARNING: Unable to find CDP implementation matching 136
mai 14, 2025 2:56:16 PM org.openqa.selenium.chromium.ChromiumDriver lambda$new$3
WARNING: Unable to find version of CDP to use for . You may need to include a dependency on a specific version of the CDP using something similar to `org.seleniumhq.selenium:selenium-devtools-v86:4.8.3` where the version ("v86") matches the version of the chromium-based browser you're using and the version number of the artifact is the same as Selenium's.
]]></system-err>
  </testcase>
</testsuite>